

> secure-chat-server@1.0.0 build /home/mehanisik/side-projects/secureChat/server
> tsc

[96mprisma/prisma.ts[0m:[93m1[0m:[93m10[0m - [91merror[0m[90m TS2305: [0mModule '"@prisma/client"' has no exported member 'PrismaClient'.

[7m1[0m import { PrismaClient } from "@prisma/client";
[7m [0m [91m         ~~~~~~~~~~~~[0m

[96msrc/websocket/index.ts[0m:[93m1[0m:[93m15[0m - [91merror[0m[90m TS2305: [0mModule '"@prisma/client"' has no exported member 'PrismaClient'.

[7m1[0m import type { PrismaClient } from "@prisma/client";
[7m [0m [91m              ~~~~~~~~~~~~[0m

[96msrc/websocket/index.ts[0m:[93m2[0m:[93m10[0m - [91merror[0m[90m TS2305: [0mModule '"@prisma/client"' has no exported member 'FriendshipStatus'.

[7m2[0m import { FriendshipStatus, UserStatus } from "@prisma/client";
[7m [0m [91m         ~~~~~~~~~~~~~~~~[0m

[96msrc/websocket/index.ts[0m:[93m2[0m:[93m28[0m - [91merror[0m[90m TS2305: [0mModule '"@prisma/client"' has no exported member 'UserStatus'.

[7m2[0m import { FriendshipStatus, UserStatus } from "@prisma/client";
[7m [0m [91m                           ~~~~~~~~~~[0m

[96msrc/websocket/index.ts[0m:[93m215[0m:[93m48[0m - [91merror[0m[90m TS7006: [0mParameter 'friendship' implicitly has an 'any' type.

[7m215[0m         const friendIds = friendships.flatMap((friendship) => {
[7m   [0m [91m                                               ~~~~~~~~~~[0m

[96msrc/websocket/index.ts[0m:[93m250[0m:[93m49[0m - [91merror[0m[90m TS7006: [0mParameter 'message' implicitly has an 'any' type.

[7m250[0m         const decryptedMessages = messages.map((message) => {
[7m   [0m [91m                                                ~~~~~~~[0m


Found 6 errors in 2 files.

Errors  Files
     1  prisma/prisma.ts[90m:1[0m
     5  src/websocket/index.ts[90m:1[0m
[41m[30m ELIFECYCLE [39m[49m [31mCommand failed with exit code 2.[39m
